<?xml version="1.0" encoding="UTF-8"?>
<testng-results ignored="0" total="2" passed="2" failed="0" skipped="0">
  <reporter-output>
  </reporter-output>
  <suite started-at="2021-11-15T22:02:27 IST" name="Surefire suite" finished-at="2021-11-15T22:02:42 IST" duration-ms="15243">
    <groups>
    </groups>
    <test started-at="2021-11-15T22:02:27 IST" name="Surefire test" finished-at="2021-11-15T22:02:42 IST" duration-ms="15243">
      <class name="com.TestClasses.TestClass_ForProfileCreator">
        <test-method is-config="true" signature="BeforeTest()[pri:0, instance:com.TestClasses.TestClass_ForProfileCreator@16267862]" started-at="2021-11-15T22:02:27 IST" name="BeforeTest" finished-at="2021-11-15T22:02:40 IST" duration-ms="13236" status="PASS">
          <reporter-output>
          </reporter-output>
        </test-method> <!-- BeforeTest -->
        <test-method signature="TestCase()[pri:1, instance:com.TestClasses.TestClass_ForProfileCreator@16267862]" started-at="2021-11-15T22:02:40 IST" name="TestCase" finished-at="2021-11-15T22:02:42 IST" duration-ms="1830" status="PASS">
          <reporter-output>
          </reporter-output>
        </test-method> <!-- TestCase -->
        <test-method signature="VerifyCommunityName()[pri:2, instance:com.TestClasses.TestClass_ForProfileCreator@16267862]" started-at="2021-11-15T22:02:42 IST" name="VerifyCommunityName" finished-at="2021-11-15T22:02:42 IST" duration-ms="40" status="PASS">
          <reporter-output>
          </reporter-output>
        </test-method> <!-- VerifyCommunityName -->
      </class> <!-- com.TestClasses.TestClass_ForProfileCreator -->
    </test> <!-- Surefire test -->
  </suite> <!-- Surefire suite -->
</testng-results>
