<?xml version="1.0" encoding="UTF-8"?>
<testng-results ignored="0" total="2" passed="2" failed="0" skipped="0">
  <reporter-output>
  </reporter-output>
  <suite started-at="2021-11-15T20:43:09 IST" name="Default suite" finished-at="2021-11-15T20:43:20 IST" duration-ms="10576">
    <groups>
    </groups>
    <test started-at="2021-11-15T20:43:09 IST" name="Default test" finished-at="2021-11-15T20:43:20 IST" duration-ms="10576">
      <class name="com.TestClasses.TestClass_ForProfileCreator">
        <test-method is-config="true" signature="BeforeTest()[pri:0, instance:com.TestClasses.TestClass_ForProfileCreator@5e316c74]" started-at="2021-11-15T20:43:09 IST" name="BeforeTest" finished-at="2021-11-15T20:43:18 IST" duration-ms="8754" status="PASS">
          <reporter-output>
          </reporter-output>
        </test-method> <!-- BeforeTest -->
        <test-method signature="TestCase()[pri:1, instance:com.TestClasses.TestClass_ForProfileCreator@5e316c74]" started-at="2021-11-15T20:43:18 IST" name="TestCase" finished-at="2021-11-15T20:43:20 IST" duration-ms="1708" status="PASS">
          <reporter-output>
          </reporter-output>
        </test-method> <!-- TestCase -->
        <test-method signature="VerifyCommunityName()[pri:2, instance:com.TestClasses.TestClass_ForProfileCreator@5e316c74]" started-at="2021-11-15T20:43:20 IST" name="VerifyCommunityName" finished-at="2021-11-15T20:43:20 IST" duration-ms="50" status="PASS">
          <reporter-output>
          </reporter-output>
        </test-method> <!-- VerifyCommunityName -->
      </class> <!-- com.TestClasses.TestClass_ForProfileCreator -->
    </test> <!-- Default test -->
  </suite> <!-- Default suite -->
</testng-results>
